<?xml version="1.0" encoding="UTF-8"?>
<!-- Generated by org.testng.reporters.JUnitXMLReporter -->
<testsuite ignored="0" hostname="DESKTOP-PRJJSAR" failures="0" tests="6" name="Default test" time="20.907" errors="0" timestamp="2024-11-04T20:23:50 IST">
  <testcase classname="api.test.DDTests" name="testPostUser" time="9.47"/>
  <testcase classname="api.test.DDTests" name="testPostUser" time="1.432"/>
  <testcase classname="api.test.DDTests" name="testPostUser" time="1.307"/>
  <testcase classname="api.test.DDTests" name="testDeleteUserByName" time="1.22"/>
  <testcase classname="api.test.DDTests" name="testDeleteUserByName" time="1.287"/>
  <testcase classname="api.test.DDTests" name="testDeleteUserByName" time="1.17"/>
</testsuite> <!-- Default test -->
