<?xml version="1.0" encoding="UTF-8"?>
<!-- Generated by org.testng.reporters.JUnitXMLReporter -->
<testsuite ignored="0" hostname="DESKTOP-PRJJSAR" failures="1" tests="4" name="PetTest" time="26.719" errors="0" timestamp="2024-11-08T19:15:45 IST">
  <testcase classname="api.test.UserTests2" name="testPostUser" time="13.721"/>
  <testcase classname="api.test.UserTests2" name="testGetUserByName" time="1.298"/>
  <testcase classname="api.test.UserTests2" name="testUpdateUserByName" time="1.234">
    <failure type="java.lang.AssertionError" message="expected [200] but found [405]">
      <![CDATA[java.lang.AssertionError: expected [200] but found [405]
at api.test.UserTests2.testUpdateUserByName(UserTests2.java:75)
at java.base/java.util.ArrayList.forEach(ArrayList.java:1597)
... Removed 36 stack frames]]>
    </failure>
  </testcase> <!-- testUpdateUserByName -->
  <testcase classname="api.test.UserTests2" name="testDeleteUserByName" time="1.18"/>
</testsuite> <!-- PetTest -->
