<?xml version="1.0" encoding="UTF-8"?>
<!-- Generated by org.testng.reporters.JUnitXMLReporter -->
<testsuite ignored="0" hostname="DESKTOP-PRJJSAR" failures="1" tests="4" name="PetTest" time="28.535" errors="0" timestamp="2024-11-08T18:40:18 IST">
  <testcase classname="api.test.UserTests2" name="testPostUser" time="16.362"/>
  <testcase classname="api.test.UserTests2" name="testGetUserByName" time="1.445"/>
  <testcase classname="api.test.UserTests2" name="testUpdateUserByName" time="1.413">
    <failure type="java.lang.AssertionError" message="expected [200] but found [405]">
      <![CDATA[java.lang.AssertionError: expected [200] but found [405]
at api.test.UserTests2.testUpdateUserByName(UserTests2.java:75)
at java.base/java.util.ArrayList.forEach(ArrayList.java:1597)
... Removed 32 stack frames]]>
    </failure>
  </testcase> <!-- testUpdateUserByName -->
  <testcase classname="api.test.UserTests2" name="testDeleteUserByName" time="1.457"/>
</testsuite> <!-- PetTest -->
